<?xml version="1.0" encoding="UTF-8"?>
<testng-results ignored="0" total="1" passed="1" failed="0" skipped="0">
  <reporter-output>
  </reporter-output>
  <suite started-at="2022-05-06T04:58:13Z" name="Default suite" finished-at="2022-05-06T04:58:24Z" duration-ms="11049">
    <groups>
    </groups>
    <test started-at="2022-05-06T04:58:13Z" name="Default test" finished-at="2022-05-06T04:58:24Z" duration-ms="11049">
      <class name="com.github.FacebookLogin">
        <test-method signature="FaceBooklogin()[pri:0, instance:com.github.FacebookLogin@291f18]" started-at="2022-05-06T04:58:13Z" name="FaceBooklogin" finished-at="2022-05-06T04:58:24Z" duration-ms="10967" status="PASS">
          <reporter-output>
          </reporter-output>
        </test-method> <!-- FaceBooklogin -->
      </class> <!-- com.github.FacebookLogin -->
    </test> <!-- Default test -->
  </suite> <!-- Default suite -->
</testng-results>
